0    INFO  [2013-04-05 15:23:19]  code: 
36   DEBUG [2013-04-05 15:23:19]  Request:
37   DEBUG [2013-04-05 15:23:19]  POSThttps://api.weibo.com/oauth2/access_token
1282 DEBUG [2013-04-05 15:23:20]  Response:
1282 DEBUG [2013-04-05 15:23:20]  https StatusCode:400
1283 DEBUG [2013-04-05 15:23:20]  Server:nginx/1.2.0
1283 DEBUG [2013-04-05 15:23:20]  Date:Fri, 05 Apr 2013 07:23:22 GMT
1284 DEBUG [2013-04-05 15:23:20]  Content-Length:162
1284 DEBUG [2013-04-05 15:23:20]  Connection:keep-alive
1284 DEBUG [2013-04-05 15:23:20]  Pragma:No-cache
1285 DEBUG [2013-04-05 15:23:20]  Cache-Control:no-cache
1285 DEBUG [2013-04-05 15:23:20]  Expires:Thu, 01 Jan 1970 00:00:00 GMT
1285 DEBUG [2013-04-05 15:23:20]  Api-Server-IP:10.75.2.83
1286 DEBUG [2013-04-05 15:23:20]  X-Varnish:3934278119
1286 DEBUG [2013-04-05 15:23:20]  Age:0
1286 DEBUG [2013-04-05 15:23:20]  Via:1.1 varnish
1294 DEBUG [2013-04-05 15:23:20]  {"error":"invalid_grant","error_code":21325,"request":"/oauth2/access_token","error_uri":"/oauth2/access_token","error_description":"invalid authorization code:"}

0    INFO  [2013-04-05 15:37:47]  code: 9470ce5a287599ace32b33f773bc1682
4    DEBUG [2013-04-05 15:37:47]  Request:
4    DEBUG [2013-04-05 15:37:47]  POSThttps://api.weibo.com/oauth2/access_token
864  DEBUG [2013-04-05 15:37:48]  Response:
864  DEBUG [2013-04-05 15:37:48]  https StatusCode:200
865  DEBUG [2013-04-05 15:37:48]  Server:nginx/1.2.0
865  DEBUG [2013-04-05 15:37:48]  Date:Fri, 05 Apr 2013 07:37:50 GMT
865  DEBUG [2013-04-05 15:37:48]  Content-Type:text/plain;charset=UTF-8
865  DEBUG [2013-04-05 15:37:48]  Content-Length:157
866  DEBUG [2013-04-05 15:37:48]  Connection:keep-alive
866  DEBUG [2013-04-05 15:37:48]  Pragma:No-cache
866  DEBUG [2013-04-05 15:37:48]  Cache-Control:no-cache
867  DEBUG [2013-04-05 15:37:48]  Expires:Thu, 01 Jan 1970 00:00:00 GMT
867  DEBUG [2013-04-05 15:37:48]  Api-Server-IP:10.75.25.114
867  DEBUG [2013-04-05 15:37:48]  X-Varnish:4246156296
867  DEBUG [2013-04-05 15:37:48]  Age:0
868  DEBUG [2013-04-05 15:37:48]  Via:1.1 varnish
876  DEBUG [2013-04-05 15:37:48]  {"access_token":"2.00tSbntB0rL45O4b654fbe78QNIYdE","remind_in":"157679999","expires_in":157679999,"uid":"1740652783","scope":"follow_app_official_microblog"}

889  DEBUG [2013-04-05 15:37:48]  Request:
890  DEBUG [2013-04-05 15:37:48]  GET:https://api.weibo.com/2/users/show.json
897  DEBUG [2013-04-05 15:37:48]  Authorization: OAuth2 2.00tSbntB0rL45O4b654fbe78QNIYdE
898  DEBUG [2013-04-05 15:37:48]  API-RemoteIP: 60.176.47.228
1069 DEBUG [2013-04-05 15:37:48]  Response:
1069 DEBUG [2013-04-05 15:37:48]  https StatusCode:200
1070 DEBUG [2013-04-05 15:37:48]  Server:nginx/1.2.0
1070 DEBUG [2013-04-05 15:37:48]  Date:Fri, 05 Apr 2013 07:37:50 GMT
1070 DEBUG [2013-04-05 15:37:48]  Content-Type:application/json;charset=UTF-8
1070 DEBUG [2013-04-05 15:37:48]  Content-Length:1334
1070 DEBUG [2013-04-05 15:37:48]  Connection:keep-alive
1070 DEBUG [2013-04-05 15:37:48]  Api-Server-IP:10.75.0.175
1070 DEBUG [2013-04-05 15:37:48]  Vary:Accept-Encoding
1070 DEBUG [2013-04-05 15:37:48]  X-Varnish:1249157127
1070 DEBUG [2013-04-05 15:37:48]  Age:0
1070 DEBUG [2013-04-05 15:37:48]  Via:1.1 varnish
1071 DEBUG [2013-04-05 15:37:48]  {"id":1740652783,"idstr":"1740652783","screen_name":"该找工作了","name":"该找工作了","province":"33","city":"1","location":"浙江 杭州","description":"程序员真的伤不起嘛？","url":"http://jasoncong.com","profile_image_url":"http://tp4.sinaimg.cn/1740652783/50/1275124480/1","profile_url":"tankle","domain":"tankle","weihao":"","gender":"m","followers_count":83,"friends_count":183,"statuses_count":571,"favourites_count":0,"created_at":"Wed May 12 15:11:15 +0800 2010","following":false,"allow_all_act_msg":false,"geo_enabled":false,"verified":false,"verified_type":-1,"remark":"","status":{"created_at":"Fri Apr 05 14:15:02 +0800 2013","id":3563728312453327,"mid":"3563728312453327","idstr":"3563728312453327","text":"有意思。。。","source":"<a href=\"http://app.weibo.com/t/feed/3auC5p\" rel=\"nofollow\">皮皮时光机</a>","favorited":false,"truncated":false,"in_reply_to_status_id":"","in_reply_to_user_id":"","in_reply_to_screen_name":"","pic_ids":[],"geo":null,"reposts_count":0,"comments_count":0,"attitudes_count":0,"mlevel":0,"visible":{"type":0,"list_id":0}},"allow_all_comment":false,"avatar_large":"http://tp4.sinaimg.cn/1740652783/180/1275124480/1","verified_reason":"","follow_me":false,"online_status":1,"bi_followers_count":21,"lang":"zh-cn","star":0,"mbtype":0,"mbrank":0,"block_word":0}

85381 DEBUG [2013-04-05 15:39:12]  Request:
85381 DEBUG [2013-04-05 15:39:12]  POSThttps://api.weibo.com/2/statuses/update.json
0    INFO  [2013-04-05 15:41:50]  code: 306316610774e049ab4632292cc41c8d
8    DEBUG [2013-04-05 15:41:50]  Request:
8    DEBUG [2013-04-05 15:41:50]  POSThttps://api.weibo.com/oauth2/access_token
931  DEBUG [2013-04-05 15:41:51]  Response:
932  DEBUG [2013-04-05 15:41:51]  https StatusCode:200
932  DEBUG [2013-04-05 15:41:51]  Server:nginx/1.2.0
932  DEBUG [2013-04-05 15:41:51]  Date:Fri, 05 Apr 2013 07:41:53 GMT
933  DEBUG [2013-04-05 15:41:51]  Content-Type:text/plain;charset=UTF-8
933  DEBUG [2013-04-05 15:41:51]  Content-Length:157
933  DEBUG [2013-04-05 15:41:51]  Connection:keep-alive
933  DEBUG [2013-04-05 15:41:51]  Pragma:No-cache
934  DEBUG [2013-04-05 15:41:51]  Cache-Control:no-cache
934  DEBUG [2013-04-05 15:41:51]  Expires:Thu, 01 Jan 1970 00:00:00 GMT
934  DEBUG [2013-04-05 15:41:51]  Api-Server-IP:10.75.2.82
935  DEBUG [2013-04-05 15:41:51]  X-Varnish:300153201
935  DEBUG [2013-04-05 15:41:51]  Age:0
935  DEBUG [2013-04-05 15:41:51]  Via:1.1 varnish
942  DEBUG [2013-04-05 15:41:51]  {"access_token":"2.00BoSNuBjR5fsD119d3c7c0bgQpA5B","remind_in":"157679999","expires_in":157679999,"uid":"1746778205","scope":"follow_app_official_microblog"}

952  DEBUG [2013-04-05 15:41:51]  Request:
952  DEBUG [2013-04-05 15:41:51]  GET:https://api.weibo.com/2/users/show.json
955  DEBUG [2013-04-05 15:41:51]  Authorization: OAuth2 2.00BoSNuBjR5fsD119d3c7c0bgQpA5B
956  DEBUG [2013-04-05 15:41:51]  API-RemoteIP: 60.176.47.228
1115 DEBUG [2013-04-05 15:41:51]  Response:
1115 DEBUG [2013-04-05 15:41:51]  https StatusCode:200
1116 DEBUG [2013-04-05 15:41:51]  Server:nginx/1.2.0
1116 DEBUG [2013-04-05 15:41:51]  Date:Fri, 05 Apr 2013 07:41:53 GMT
1116 DEBUG [2013-04-05 15:41:51]  Content-Type:application/json;charset=UTF-8
1116 DEBUG [2013-04-05 15:41:51]  Content-Length:1612
1117 DEBUG [2013-04-05 15:41:51]  Connection:keep-alive
1117 DEBUG [2013-04-05 15:41:51]  Api-Server-IP:10.75.5.57
1117 DEBUG [2013-04-05 15:41:51]  Vary:Accept-Encoding
1117 DEBUG [2013-04-05 15:41:51]  X-Varnish:3940107748
1118 DEBUG [2013-04-05 15:41:51]  Age:0
1118 DEBUG [2013-04-05 15:41:51]  Via:1.1 varnish
1119 DEBUG [2013-04-05 15:41:51]  {"id":1746778205,"idstr":"1746778205","screen_name":"测试ing_12354","name":"测试ing_12354","province":"33","city":"1","location":"浙江 杭州","description":"","url":"","profile_image_url":"http://tp2.sinaimg.cn/1746778205/50/40019827888/1","profile_url":"u/1746778205","domain":"","weihao":"","gender":"m","followers_count":3,"friends_count":35,"statuses_count":3,"favourites_count":0,"created_at":"Fri Apr 05 08:33:35 +0800 2013","following":false,"allow_all_act_msg":false,"geo_enabled":true,"verified":false,"verified_type":-1,"remark":"","status":{"created_at":"Fri Apr 05 14:22:57 +0800 2013","id":3563730304356752,"mid":"3563730304356752","idstr":"3563730304356752","text":"发表了博文 《新浪微博PC客户端开发》 - 开此博客用于记录在开发新浪微博客户端的的点点滴滴。 1）软件的架构 2）软件的界面设计 3）软件的编码过程 将会采取一种迭代式开发，目前需求还不是很明确，第 http://t.cn/zTyTZ0z","source":"<a href=\"http://app.weibo.com/t/feed/2Bvk1e\" rel=\"nofollow\">新浪博客</a>","favorited":false,"truncated":false,"in_reply_to_status_id":"","in_reply_to_user_id":"","in_reply_to_screen_name":"","pic_ids":[],"geo":null,"annotations":[{"app_mid":"681db85d0101cm9m","push_cmt":2}],"reposts_count":0,"comments_count":0,"attitudes_count":0,"mlevel":0,"visible":{"type":0,"list_id":0}},"allow_all_comment":true,"avatar_large":"http://tp2.sinaimg.cn/1746778205/180/40019827888/1","verified_reason":"","follow_me":false,"online_status":1,"bi_followers_count":0,"lang":"zh-cn","star":0,"mbtype":0,"mbrank":0,"block_word":0}

11625 DEBUG [2013-04-05 15:42:02]  Request:
11625 DEBUG [2013-04-05 15:42:02]  POSThttps://api.weibo.com/2/statuses/update.json
11630 DEBUG [2013-04-05 15:42:02]  Authorization: OAuth2 2.00BoSNuBjR5fsD119d3c7c0bgQpA5B
11630 DEBUG [2013-04-05 15:42:02]  API-RemoteIP: 60.176.47.228
11882 DEBUG [2013-04-05 15:42:02]  Response:
11882 DEBUG [2013-04-05 15:42:02]  https StatusCode:200
11882 DEBUG [2013-04-05 15:42:02]  Server:nginx/1.2.0
11883 DEBUG [2013-04-05 15:42:02]  Date:Fri, 05 Apr 2013 07:42:04 GMT
11883 DEBUG [2013-04-05 15:42:02]  Content-Type:application/json;charset=UTF-8
11883 DEBUG [2013-04-05 15:42:02]  Content-Length:1263
11883 DEBUG [2013-04-05 15:42:02]  Connection:keep-alive
11884 DEBUG [2013-04-05 15:42:02]  Api-Server-IP:10.75.24.202
11884 DEBUG [2013-04-05 15:42:02]  Vary:Accept-Encoding
11884 DEBUG [2013-04-05 15:42:02]  X-Varnish:3940160972
11884 DEBUG [2013-04-05 15:42:02]  Age:0
11885 DEBUG [2013-04-05 15:42:02]  Via:1.1 varnish
11885 DEBUG [2013-04-05 15:42:02]  {"created_at":"Fri Apr 05 15:42:02 +0800 2013","id":3563750211074015,"mid":"3563750211074015","idstr":"3563750211074015","text":"Are you ok?","source":"<a href=\"http://open.weibo.com\" rel=\"nofollow\">未通过审核应用</a>","favorited":false,"truncated":false,"in_reply_to_status_id":"","in_reply_to_user_id":"","in_reply_to_screen_name":"","pic_ids":[],"geo":null,"user":{"id":1746778205,"idstr":"1746778205","screen_name":"测试ing_12354","name":"测试ing_12354","province":"33","city":"1","location":"浙江 杭州","description":"","url":"","profile_image_url":"http://tp2.sinaimg.cn/1746778205/50/40019827888/1","profile_url":"u/1746778205","domain":"","weihao":"","gender":"m","followers_count":1,"friends_count":31,"statuses_count":1,"favourites_count":0,"created_at":"Fri Apr 05 08:33:35 +0800 2013","following":false,"allow_all_act_msg":false,"geo_enabled":true,"verified":false,"verified_type":-1,"remark":"","allow_all_comment":true,"avatar_large":"http://tp2.sinaimg.cn/1746778205/180/40019827888/1","verified_reason":"","follow_me":false,"online_status":0,"bi_followers_count":0,"lang":"zh-cn","star":0,"mbtype":0,"mbrank":0,"block_word":0},"reposts_count":0,"comments_count":0,"attitudes_count":0,"mlevel":0,"visible":{"type":0,"list_id":0}}

1    DEBUG [2013-04-05 16:43:43]  Request:
13   DEBUG [2013-04-05 16:43:43]  GET:https://api.weibo.com/2/account/get_uid.json
0    DEBUG [2013-04-05 16:44:13]  Request:
1    DEBUG [2013-04-05 16:44:13]  GET:https://api.weibo.com/2/account/get_uid.json
55   DEBUG [2013-04-05 16:44:13]  Authorization: OAuth2 a8be862bda540050422393d9989778cf
55   DEBUG [2013-04-05 16:44:13]  API-RemoteIP: 60.176.47.228
1231 DEBUG [2013-04-05 16:44:14]  Response:
1232 DEBUG [2013-04-05 16:44:14]  https StatusCode:403
1232 DEBUG [2013-04-05 16:44:14]  Server:nginx/1.2.0
1232 DEBUG [2013-04-05 16:44:14]  Date:Fri, 05 Apr 2013 08:44:16 GMT
1233 DEBUG [2013-04-05 16:44:14]  Content-Type:application/json;charset=UTF-8
1233 DEBUG [2013-04-05 16:44:14]  Content-Length:87
1233 DEBUG [2013-04-05 16:44:14]  Connection:keep-alive
1233 DEBUG [2013-04-05 16:44:14]  Api-Server-IP:10.75.0.172
1234 DEBUG [2013-04-05 16:44:14]  Vary:Accept-Encoding
1234 DEBUG [2013-04-05 16:44:14]  X-Varnish:1270459316
1235 DEBUG [2013-04-05 16:44:14]  Age:0
1235 DEBUG [2013-04-05 16:44:14]  Via:1.1 varnish
1259 DEBUG [2013-04-05 16:44:14]  {"error":"invalid_access_token","error_code":21332,"request":"/2/account/get_uid.json"}

0    DEBUG [2013-04-05 16:50:02]  Request:
18   DEBUG [2013-04-05 16:50:02]  GET:https://api.weibo.com/2/account/get_uid.json
0    DEBUG [2013-04-05 16:52:04]  Request:
1    DEBUG [2013-04-05 16:52:04]  GET:https://api.weibo.com/2/account/get_uid.json
56   DEBUG [2013-04-05 16:52:04]  Authorization: OAuth2 a8be862bda540050422393d9989778cf
56   DEBUG [2013-04-05 16:52:04]  API-RemoteIP: 60.176.47.228
782  DEBUG [2013-04-05 16:52:04]  Response:
782  DEBUG [2013-04-05 16:52:04]  https StatusCode:403
783  DEBUG [2013-04-05 16:52:04]  Server:nginx/1.2.0
783  DEBUG [2013-04-05 16:52:04]  Date:Fri, 05 Apr 2013 08:52:07 GMT
783  DEBUG [2013-04-05 16:52:04]  Content-Type:application/json;charset=UTF-8
783  DEBUG [2013-04-05 16:52:04]  Content-Length:87
783  DEBUG [2013-04-05 16:52:04]  Connection:keep-alive
783  DEBUG [2013-04-05 16:52:04]  Api-Server-IP:10.75.0.175
783  DEBUG [2013-04-05 16:52:04]  Vary:Accept-Encoding
783  DEBUG [2013-04-05 16:52:04]  X-Varnish:322631708
784  DEBUG [2013-04-05 16:52:04]  Age:0
784  DEBUG [2013-04-05 16:52:04]  Via:1.1 varnish
791  DEBUG [2013-04-05 16:52:04]  {"error":"invalid_access_token","error_code":21332,"request":"/2/account/get_uid.json"}

0    INFO  [2013-04-06 22:21:38]  Logining...
950  INFO  [2013-04-06 22:21:39]  正在打开授权的界面...
31043 INFO  [2013-04-06 22:22:09]  code:f517a7ce97f543e804da005c5bdff0e1
32397 INFO  [2013-04-06 22:22:10]  授权成功...
32398 INFO  [2013-04-06 22:22:10]  正在打开主界面...
0    INFO  [2013-04-06 22:23:05]  Logining...
905  INFO  [2013-04-06 22:23:06]  正在打开授权的界面...
21459 INFO  [2013-04-06 22:23:26]  code:bc2eba9e222bbc80bdb537d80db0adb0
22877 INFO  [2013-04-06 22:23:28]  授权成功...
22877 INFO  [2013-04-06 22:23:28]  正在打开主界面...
0    INFO  [2013-04-06 22:25:11]  Logining...
898  INFO  [2013-04-06 22:25:12]  正在打开授权的界面...
12288 INFO  [2013-04-06 22:25:23]  code:d0e64332db50c44decdc10af2c2c1b13
13471 INFO  [2013-04-06 22:25:24]  授权成功...
13471 INFO  [2013-04-06 22:25:24]  正在打开主界面...
0    INFO  [2013-04-06 22:29:09]  Logining...
2    INFO  [2013-04-06 22:29:09]  data 文件夹下的user.wb文件没有为空！
913  INFO  [2013-04-06 22:29:09]  正在打开授权的界面...
11476 INFO  [2013-04-06 22:29:20]  code:d3eb9b5fa0474d86c644dac842eb046a
12451 INFO  [2013-04-06 22:29:21]  授权成功...
12452 INFO  [2013-04-06 22:29:21]  正在打开主界面...
0    INFO  [2013-04-06 22:30:18]  Logining...
22   INFO  [2013-04-06 22:30:18]  正在打开主界面...
0    INFO  [2013-04-06 22:33:09]  Logining...
8    INFO  [2013-04-06 22:33:09]  正在打开主界面...
0    INFO  [2013-04-06 22:35:44]  Logining...
8    INFO  [2013-04-06 22:35:44]  正在打开主界面...
0    INFO  [2013-04-08 11:07:08]  Logining...
39   INFO  [2013-04-08 11:07:08]  正在打开主界面...
0    INFO  [2013-04-08 11:09:22]  Logining...
57   INFO  [2013-04-08 11:09:22]  正在打开主界面...
0    INFO  [2013-04-08 11:11:35]  Logining...
8    INFO  [2013-04-08 11:11:35]  正在打开主界面...
0    INFO  [2013-04-08 11:14:27]  Logining...
8    INFO  [2013-04-08 11:14:27]  正在打开主界面...
0    INFO  [2013-04-08 11:21:13]  Logining...
8    INFO  [2013-04-08 11:21:13]  正在打开主界面...
0    INFO  [2013-04-08 11:22:27]  Logining...
8    INFO  [2013-04-08 11:22:27]  正在打开主界面...
0    INFO  [2013-04-08 11:22:44]  Logining...
9    INFO  [2013-04-08 11:22:44]  正在打开主界面...
0    INFO  [2013-04-08 11:24:06]  Logining...
8    INFO  [2013-04-08 11:24:06]  正在打开主界面...
0    INFO  [2013-04-08 11:25:02]  Logining...
8    INFO  [2013-04-08 11:25:02]  正在打开主界面...
1    INFO  [2013-04-08 11:29:47]  Logining...
8    INFO  [2013-04-08 11:29:47]  正在打开主界面...
0    INFO  [2013-04-08 11:39:47]  Logining...
10   INFO  [2013-04-08 11:39:47]  正在打开主界面...
0    INFO  [2013-04-08 11:42:47]  Logining...
8    INFO  [2013-04-08 11:42:47]  正在打开主界面...
0    INFO  [2013-04-08 11:48:25]  Logining...
9    INFO  [2013-04-08 11:48:25]  正在打开主界面...
0    INFO  [2013-04-08 11:49:31]  Logining...
18   INFO  [2013-04-08 11:49:31]  正在打开主界面...
0    INFO  [2013-04-08 11:51:31]  Logining...
9    INFO  [2013-04-08 11:51:31]  正在打开主界面...
0    INFO  [2013-04-08 12:05:35]  Logining...
105  INFO  [2013-04-08 12:05:35]  正在打开主界面...
0    INFO  [2013-04-08 12:43:37]  Logining...
118  INFO  [2013-04-08 12:43:37]  正在打开主界面...
0    INFO  [2013-04-08 12:56:05]  Logining...
8    INFO  [2013-04-08 12:56:05]  正在打开主界面...
0    INFO  [2013-04-08 12:58:56]  Logining...
9    INFO  [2013-04-08 12:58:56]  正在打开主界面...
0    INFO  [2013-04-08 13:02:11]  Logining...
8    INFO  [2013-04-08 13:02:11]  正在打开主界面...
0    INFO  [2013-04-08 13:05:44]  Logining...
8    INFO  [2013-04-08 13:05:44]  正在打开主界面...
0    INFO  [2013-04-08 13:08:15]  Logining...
9    INFO  [2013-04-08 13:08:15]  正在打开主界面...
0    INFO  [2013-04-08 13:13:11]  Logining...
8    INFO  [2013-04-08 13:13:11]  正在打开主界面...
0    INFO  [2013-04-08 13:14:38]  Logining...
10   INFO  [2013-04-08 13:14:38]  正在打开主界面...
0    INFO  [2013-04-08 13:24:25]  Logining...
9    INFO  [2013-04-08 13:24:25]  正在打开主界面...
0    INFO  [2013-04-08 13:24:45]  Logining...
9    INFO  [2013-04-08 13:24:45]  正在打开主界面...
0    INFO  [2013-04-08 13:26:18]  Logining...
9    INFO  [2013-04-08 13:26:18]  正在打开主界面...
0    INFO  [2013-04-09 09:45:45]  Logining...
211  INFO  [2013-04-09 09:45:45]  正在打开主界面...
0    INFO  [2013-04-09 09:54:36]  Logining...
11   INFO  [2013-04-09 09:54:36]  正在打开主界面...
0    INFO  [2013-04-09 10:02:15]  Logining...
8    INFO  [2013-04-09 10:02:15]  正在打开主界面...
0    INFO  [2013-04-09 10:12:45]  Logining...
24   INFO  [2013-04-09 10:12:45]  正在打开主界面...
0    INFO  [2013-04-09 10:14:19]  Logining...
8    INFO  [2013-04-09 10:14:19]  正在打开主界面...
1    INFO  [2013-04-09 10:41:34]  Logining...
9    INFO  [2013-04-09 10:41:34]  正在打开主界面...
0    INFO  [2013-04-09 10:52:36]  Logining...
8    INFO  [2013-04-09 10:52:36]  正在打开主界面...
0    INFO  [2013-04-09 11:01:20]  Logining...
8    INFO  [2013-04-09 11:01:20]  正在打开主界面...
0    INFO  [2013-04-09 11:02:25]  Logining...
10   INFO  [2013-04-09 11:02:25]  正在打开主界面...
0    INFO  [2013-04-09 11:17:43]  Logining...
10   INFO  [2013-04-09 11:17:43]  正在打开主界面...
0    INFO  [2013-04-09 11:30:23]  Logining...
9    INFO  [2013-04-09 11:30:23]  正在打开主界面...
0    INFO  [2013-04-09 11:40:17]  Logining...
9    INFO  [2013-04-09 11:40:17]  正在打开主界面...
0    INFO  [2013-04-09 13:47:25]  Logining...
157  INFO  [2013-04-09 13:47:25]  正在打开主界面...
0    INFO  [2013-04-09 14:27:42]  Logining...
103  INFO  [2013-04-09 14:27:42]  正在打开主界面...
0    INFO  [2013-04-09 14:28:16]  Logining...
9    INFO  [2013-04-09 14:28:16]  正在打开主界面...
0    INFO  [2013-04-09 14:34:20]  Logining...
21   INFO  [2013-04-09 14:34:20]  正在打开主界面...
0    INFO  [2013-04-09 14:46:50]  Logining...
8    INFO  [2013-04-09 14:46:50]  正在打开主界面...
0    INFO  [2013-04-09 14:52:15]  Logining...
12   INFO  [2013-04-09 14:52:15]  正在打开主界面...
0    INFO  [2013-04-09 14:55:24]  Logining...
9    INFO  [2013-04-09 14:55:24]  正在打开主界面...
0    INFO  [2013-04-09 15:07:34]  Logining...
13   INFO  [2013-04-09 15:07:34]  正在打开主界面...
0    INFO  [2013-04-09 15:11:02]  Logining...
9    INFO  [2013-04-09 15:11:02]  正在打开主界面...
94546 INFO  [2013-04-09 15:12:36]  User is null in OneStatus.getInner
122740 INFO  [2013-04-09 15:13:04]  User is null in OneStatus.getInner
0    INFO  [2013-04-09 15:19:56]  Logining...
10   INFO  [2013-04-09 15:19:56]  正在打开主界面...
0    INFO  [2013-04-09 15:22:14]  Logining...
10   INFO  [2013-04-09 15:22:14]  正在打开主界面...
0    INFO  [2013-04-09 15:22:53]  Logining...
8    INFO  [2013-04-09 15:22:53]  正在打开主界面...
0    INFO  [2013-04-09 15:23:24]  Logining...
10   INFO  [2013-04-09 15:23:24]  正在打开主界面...
1    INFO  [2013-04-09 15:25:12]  Logining...
14   INFO  [2013-04-09 15:25:12]  正在打开主界面...
94726 INFO  [2013-04-09 15:26:46]  User is null in OneStatus.getInner
0    INFO  [2013-04-09 15:39:14]  Logining...
8    INFO  [2013-04-09 15:39:14]  正在打开主界面...
0    INFO  [2013-04-09 15:43:43]  Logining...
8    INFO  [2013-04-09 15:43:43]  正在打开主界面...
12278 INFO  [2013-04-09 15:43:55]  User is null in OneStatus.getInner
0    INFO  [2013-04-09 16:05:41]  Logining...
24   INFO  [2013-04-09 16:05:41]  正在打开主界面...
42743 INFO  [2013-04-09 16:06:24]  User is null in OneStatus.getInner
0    INFO  [2013-05-15 14:03:17]  Logining...
16   INFO  [2013-05-15 14:03:17]  data 文件夹下的user.wb文件没有为空！
1659 INFO  [2013-05-15 14:03:19]  正在打开授权的界面...
23634 INFO  [2013-05-15 14:03:41]  code:e896b686d42eb22e7ca541a4ff2a613f
25314 INFO  [2013-05-15 14:03:42]  授权成功...
25314 INFO  [2013-05-15 14:03:42]  正在打开主界面...
0    INFO  [2013-05-15 14:04:48]  Logining...
33   INFO  [2013-05-15 14:04:48]  正在打开主界面...
0    INFO  [2013-05-15 14:05:30]  Logining...
15   INFO  [2013-05-15 14:05:30]  data 文件夹下的user.wb文件没有为空！
890  INFO  [2013-05-15 14:05:31]  正在打开授权的界面...
0    INFO  [2013-05-15 14:10:29]  Logining...
80   INFO  [2013-05-15 14:10:29]  data 文件夹下的user.wb文件没有为空！
2314 INFO  [2013-05-15 14:10:31]  正在打开授权的界面...
0    INFO  [2013-05-15 14:15:02]  Logining...
34   INFO  [2013-05-15 14:15:02]  data 文件夹下的user.wb文件没有为空！
2065 INFO  [2013-05-15 14:15:04]  正在打开授权的界面...
0    INFO  [2013-05-15 14:16:21]  Logining...
0    INFO  [2013-05-15 14:16:21]  data 文件夹下的user.wb文件没有为空！
1028 INFO  [2013-05-15 14:16:22]  正在打开授权的界面...
11863 INFO  [2013-05-15 14:16:33]  code:05d5936824ea11a07cbbfb0f4801743b
13757 INFO  [2013-05-15 14:16:35]  授权成功...
13757 INFO  [2013-05-15 14:16:35]  正在打开主界面...
54568 INFO  [2013-05-15 14:17:16]  User is null in OneStatus.getInner
0    INFO  [2013-05-15 14:46:05]  Logining...
186  INFO  [2013-05-15 14:46:06]  正在打开主界面...
8282 INFO  [2013-05-15 14:46:14]  User is null in OneStatus.getInner
